<?xml version="1.0" encoding="UTF-8"?>
<!-- Generated by org.testng.reporters.JUnitReportReporter -->
<testsuite hostname="YASHASHREE" failures="0" tests="3" name="com.testng.Demo" time="11.022" errors="0" timestamp="2024-11-26T20:07:26 IST" skipped="0">
  <testcase classname="com.testng.Demo" name="facebook" time="3.787"/>
  <testcase classname="com.testng.Demo" name="google" time="3.421"/>
  <testcase classname="com.testng.Demo" name="google" time="3.814"/>
</testsuite> <!-- com.testng.Demo -->
