<?xml version="1.0" encoding="UTF-8"?>
<!-- Generated by org.testng.reporters.JUnitReportReporter -->
<testsuite hostname="YASHASHREE" failures="0" tests="1" name="com.testng.Assertiontest" time="5.824" errors="0" timestamp="2024-11-26T19:44:51 IST" skipped="0">
  <testcase classname="com.testng.Assertiontest" name="googlesearch" time="5.824"/>
</testsuite> <!-- com.testng.Assertiontest -->
