<?xml version="1.0" encoding="UTF-8"?>
<!-- Generated by org.testng.reporters.JUnitReportReporter -->
<testsuite hostname="YASHASHREE" failures="0" tests="2" name="com.testng.FlipkartusingAnnotation" time="9.832" errors="0" timestamp="2024-11-26T19:28:42 IST" skipped="0">
  <testcase classname="com.testng.FlipkartusingAnnotation" name="searchproductiphone" time="6.248"/>
  <testcase classname="com.testng.FlipkartusingAnnotation" name="productAC" time="3.584"/>
</testsuite> <!-- com.testng.FlipkartusingAnnotation -->
