<?xml version="1.0" encoding="UTF-8"?>
<!-- Generated by org.testng.reporters.JUnitReportReporter -->
<testsuite hostname="YASHASHREE" failures="0" tests="1" name="com.testng.FlipkartTest" time="8.872" errors="0" timestamp="2024-11-25T20:13:39 IST" skipped="0">
  <testcase classname="com.testng.FlipkartTest" name="searchproduct" time="8.872"/>
</testsuite> <!-- com.testng.FlipkartTest -->
