<?xml version="1.0" encoding="UTF-8"?>
<!-- Generated by org.testng.reporters.JUnitReportReporter -->
<testsuite hostname="YASHASHREE" failures="0" tests="1" name="com.testng.Assertiontest" time="7.717" errors="0" timestamp="2024-11-28T14:38:23 IST" skipped="0">
  <testcase classname="com.testng.Assertiontest" name="googlesearch" time="7.717"/>
</testsuite> <!-- com.testng.Assertiontest -->
